[GIN-debug] [WARNING] Creating an Engine instance with the Logger and Recovery middleware already attached.

[GIN-debug] [WARNING] Running in "debug" mode. Switch to "release" mode in production.
 - using env:	export GIN_MODE=release
 - using code:	gin.SetMode(gin.ReleaseMode)

[GIN-debug] POST   /user/login               --> main.main.func1 (3 handlers)
[GIN-debug] GET    /user/*action             --> main.proxyToHTTP (4 handlers)
[GIN-debug] POST   /user/*action             --> main.proxyToHTTP (4 handlers)
panic: catch-all wildcard '*action' in new path '/user/*action' conflicts with existing path segment 'login' in existing prefix '/user/login'

goroutine 1 [running]:
github.com/gin-gonic/gin.(*node).insertChild(0x0?, {0xc000114f96?, 0xc0001000e0?}, {0xc000114f90, 0xd}, {0xc000121a40, 0x4, 0x4})
	/data/go/pkg/mod/github.com/gin-gonic/gin@v1.11.0/tree.go:363 +0xbbe
github.com/gin-gonic/gin.(*node).addRoute(0xbbacc9?, {0xc000114f90, 0xd}, {0xc000121a40, 0x4, 0x4})
	/data/go/pkg/mod/github.com/gin-gonic/gin@v1.11.0/tree.go:247 +0x9bf
github.com/gin-gonic/gin.(*Engine).addRoute(0xc0001776c0, {0xbbacc9, 0x4}, {0xc000114f90, 0xd}, {0xc000121a40, 0x4, 0x4})
	/data/go/pkg/mod/github.com/gin-gonic/gin@v1.11.0/gin.go:367 +0x252
github.com/gin-gonic/gin.(*RouterGroup).handle(0xc000127740, {0xbbacc9, 0x4}, {0xbc174d?, 0x1?}, {0xc000116530, 0x1, 0x8?})
	/data/go/pkg/mod/github.com/gin-gonic/gin@v1.11.0/routergroup.go:89 +0x13e
github.com/gin-gonic/gin.(*RouterGroup).Any(0xc000127740, {0xbc174d, 0xd}, {0xc000116530, 0x1, 0x1})
	/data/go/pkg/mod/github.com/gin-gonic/gin@v1.11.0/routergroup.go:149 +0x71
main.main()
	/data/my-gin/cmd/gateway/main.go:41 +0xd2
